2025-03-02 21:28:41,004 [INFO ] [studio.metadata.DatabaseMetadataService] [DatabaseMetadataService.java:56]: Reading official metadata in /Users/bookair/.studio/db/official.json
2025-03-02 21:28:41,179 [INFO ] [studio.metadata.DatabaseMetadataService] [DatabaseMetadataService.java:77]: Reading unofficial database in /Users/bookair/.studio/db/unofficial.json
2025-03-02 21:28:41,247 [INFO ] [studio.webui.service.StoryTellerService] [StoryTellerService.java:56]: Setting up story teller driver
2025-03-02 21:28:41,249 [DEBUG] [studio.driver.raw.RawStoryTellerAsyncDriver] [RawStoryTellerAsyncDriver.java:65]: Registering hotplug listener
2025-03-02 21:28:41,252 [INFO ] [studio.driver.LibUsbDetectionHelper] [LibUsbDetectionHelper.java:58]: Initializing libusb...
2025-03-02 21:28:41,641 [INFO ] [studio.driver.LibUsbDetectionHelper] [LibUsbDetectionHelper.java:76]: Hotplug is supported. Registering hotplug callback(s)...
2025-03-02 21:28:41,641 [DEBUG] [studio.driver.LibUsbAsyncEventsWorker] [LibUsbAsyncEventsWorker.java:32]: Starting worker thread to handle libusb async events...
2025-03-02 21:28:41,647 [DEBUG] [studio.driver.fs.FsStoryTellerAsyncDriver] [FsStoryTellerAsyncDriver.java:71]: Registering hotplug listener
2025-03-02 21:28:41,648 [INFO ] [studio.driver.LibUsbDetectionHelper] [LibUsbDetectionHelper.java:58]: Initializing libusb...
2025-03-02 21:28:41,648 [INFO ] [studio.driver.LibUsbDetectionHelper] [LibUsbDetectionHelper.java:76]: Hotplug is supported. Registering hotplug callback(s)...
2025-03-02 21:28:41,649 [DEBUG] [studio.driver.LibUsbAsyncEventsWorker] [LibUsbAsyncEventsWorker.java:32]: Starting worker thread to handle libusb async events...
2025-03-02 21:28:41,650 [INFO ] [studio.driver.LibUsbDetectionHelper] [LibUsbDetectionHelper.java:131]: Hotplug event callback (0483:a341): 1
2025-03-02 21:28:41,659 [DEBUG] [studio.driver.fs.FsStoryTellerAsyncDriver] [FsStoryTellerAsyncDriver.java:75]: Waiting for device partition...
2025-03-02 21:28:41,860 [INFO ] [studio.webui.MainVerticle] [MainVerticle.java:105]: Opening URL in default browser...
2025-03-02 21:28:42,175 [INFO ] [io.vertx.core.impl.launcher.commands.VertxIsolatedDeployer] [:]: Succeeded in deploying verticle
2025-03-02 21:28:42,744 [TRACE] [studio.driver.fs.FsStoryTellerAsyncDriver] [FsStoryTellerAsyncDriver.java:80]: Looking for .md in /
2025-03-02 21:28:42,751 [TRACE] [studio.driver.fs.FsStoryTellerAsyncDriver] [FsStoryTellerAsyncDriver.java:80]: Looking for .md in /System/Volumes/VM
2025-03-02 21:28:42,752 [TRACE] [studio.driver.fs.FsStoryTellerAsyncDriver] [FsStoryTellerAsyncDriver.java:80]: Looking for .md in /System/Volumes/Preboot
2025-03-02 21:28:42,752 [TRACE] [studio.driver.fs.FsStoryTellerAsyncDriver] [FsStoryTellerAsyncDriver.java:80]: Looking for .md in /System/Volumes/Update
2025-03-02 21:28:42,752 [TRACE] [studio.driver.fs.FsStoryTellerAsyncDriver] [FsStoryTellerAsyncDriver.java:80]: Looking for .md in /System/Volumes/xarts
2025-03-02 21:28:42,752 [TRACE] [studio.driver.fs.FsStoryTellerAsyncDriver] [FsStoryTellerAsyncDriver.java:80]: Looking for .md in /System/Volumes/iSCPreboot
2025-03-02 21:28:42,753 [TRACE] [studio.driver.fs.FsStoryTellerAsyncDriver] [FsStoryTellerAsyncDriver.java:80]: Looking for .md in /System/Volumes/Hardware
2025-03-02 21:28:42,753 [TRACE] [studio.driver.fs.FsStoryTellerAsyncDriver] [FsStoryTellerAsyncDriver.java:80]: Looking for .md in /System/Volumes/Data
2025-03-02 21:28:42,753 [TRACE] [studio.driver.fs.FsStoryTellerAsyncDriver] [FsStoryTellerAsyncDriver.java:80]: Looking for .md in /System/Volumes/Update/SFR/mnt1
2025-03-02 21:28:42,753 [TRACE] [studio.driver.fs.FsStoryTellerAsyncDriver] [FsStoryTellerAsyncDriver.java:80]: Looking for .md in /System/Volumes/Update/mnt1
2025-03-02 21:28:42,754 [TRACE] [studio.driver.fs.FsStoryTellerAsyncDriver] [FsStoryTellerAsyncDriver.java:80]: Looking for .md in /Volumes/LUNII
2025-03-02 21:28:42,754 [INFO ] [studio.driver.fs.FsStoryTellerAsyncDriver] [FsStoryTellerAsyncDriver.java:83]: FS device partition located: /Volumes/LUNII
2025-03-02 21:28:42,755 [INFO ] [studio.webui.service.StoryTellerService] [StoryTellerService.java:97]: Device 2.x plugged
2025-03-02 21:28:42,762 [TRACE] [studio.driver.fs.FsStoryTellerAsyncDriver] [FsStoryTellerAsyncDriver.java:122]: Reading device infos from file: /Volumes/LUNII/.md
2025-03-02 21:28:42,781 [DEBUG] [studio.driver.fs.FsStoryTellerAsyncDriver] [FsStoryTellerAsyncDriver.java:134]: SD card used : 0.94% (71.28 MB / 7.39 GB)
2025-03-02 21:28:42,787 [TRACE] [studio.driver.fs.FsStoryTellerAsyncDriver] [FsStoryTellerAsyncDriver.java:139]: Device metadata format version: 6
2025-03-02 21:28:42,796 [DEBUG] [studio.driver.fs.FsStoryTellerAsyncDriver] [FsStoryTellerAsyncDriver.java:190]: Firmware version: 3.1
2025-03-02 21:28:42,802 [DEBUG] [studio.driver.fs.FsStoryTellerAsyncDriver] [FsStoryTellerAsyncDriver.java:196]: Serial Number: 23424020019933
2025-03-02 21:28:42,843 [TRACE] [studio.driver.fs.FsStoryTellerAsyncDriver] [FsStoryTellerAsyncDriver.java:122]: Reading device infos from file: /Volumes/LUNII/.md
2025-03-02 21:28:42,844 [DEBUG] [studio.driver.fs.FsStoryTellerAsyncDriver] [FsStoryTellerAsyncDriver.java:134]: SD card used : 0.94% (71.28 MB / 7.39 GB)
2025-03-02 21:28:42,845 [TRACE] [studio.driver.fs.FsStoryTellerAsyncDriver] [FsStoryTellerAsyncDriver.java:139]: Device metadata format version: 6
2025-03-02 21:28:42,845 [DEBUG] [studio.driver.fs.FsStoryTellerAsyncDriver] [FsStoryTellerAsyncDriver.java:190]: Firmware version: 3.1
2025-03-02 21:28:42,846 [DEBUG] [studio.driver.fs.FsStoryTellerAsyncDriver] [FsStoryTellerAsyncDriver.java:196]: Serial Number: 23424020019933
2025-03-02 21:28:42,863 [INFO ] [studio.webui.api.EvergreenController] [EvergreenController.java:30]: Current version infos: {"version":"0.5.2","timestamp":"2024-01-06T08:49:25Z"}
2025-03-02 21:28:42,884 [TRACE] [studio.driver.fs.FsStoryTellerAsyncDriver] [FsStoryTellerAsyncDriver.java:259]: Reading packs index from file: /Volumes/LUNII/.pi
2025-03-02 21:28:42,887 [DEBUG] [studio.driver.fs.FsStoryTellerAsyncDriver] [FsStoryTellerAsyncDriver.java:221]: Number of packs in index: 2
2025-03-02 21:28:42,889 [DEBUG] [studio.driver.fs.FsStoryTellerAsyncDriver] [FsStoryTellerAsyncDriver.java:226]: Pack UUID: 8126c612-f668-4d89-bf46-7c888171a964
2025-03-02 21:28:42,907 [DEBUG] [studio.driver.fs.FsStoryTellerAsyncDriver] [FsStoryTellerAsyncDriver.java:239]: Pack version: 1
2025-03-02 21:28:42,930 [INFO ] [studio.webui.api.LibraryController] [LibraryController.java:47]: Library packs scanned in 17ms
2025-03-02 21:28:42,973 [DEBUG] [studio.driver.fs.FsStoryTellerAsyncDriver] [FsStoryTellerAsyncDriver.java:226]: Pack UUID: 231896af-2007-4aa8-a436-61016a3b498d
2025-03-02 21:28:42,974 [ERROR] [studio.webui.api.DeviceController] [DeviceController.java:46]: Failed to read packs from device
java.util.concurrent.CompletionException: studio.core.v1.utils.exception.StoryTellerException: Failed to read pack metadata on device partition
	at java.base/java.util.concurrent.CompletableFuture.encodeThrowable(CompletableFuture.java:314)
	at java.base/java.util.concurrent.CompletableFuture.completeThrowable(CompletableFuture.java:319)
	at java.base/java.util.concurrent.CompletableFuture$UniApply.tryFire(CompletableFuture.java:645)
	at java.base/java.util.concurrent.CompletableFuture.postComplete(CompletableFuture.java:506)
	at java.base/java.util.concurrent.CompletableFuture$AsyncSupply.run(CompletableFuture.java:1769)
	at java.base/java.util.concurrent.CompletableFuture$AsyncSupply.exec(CompletableFuture.java:1756)
	at java.base/java.util.concurrent.ForkJoinTask.doExec(ForkJoinTask.java:290)
	at java.base/java.util.concurrent.ForkJoinPool$WorkQueue.topLevelExec(ForkJoinPool.java:1016)
	at java.base/java.util.concurrent.ForkJoinPool.scan(ForkJoinPool.java:1665)
	at java.base/java.util.concurrent.ForkJoinPool.runWorker(ForkJoinPool.java:1598)
	at java.base/java.util.concurrent.ForkJoinWorkerThread.run(ForkJoinWorkerThread.java:183)
Caused by: studio.core.v1.utils.exception.StoryTellerException: Failed to read pack metadata on device partition
	at studio.driver.fs.FsStoryTellerAsyncDriver.lambda$getPacksList$5(FsStoryTellerAsyncDriver.java:250)
	at java.base/java.util.concurrent.CompletableFuture$UniApply.tryFire(CompletableFuture.java:642)
	... 8 more
Caused by: java.nio.file.NoSuchFileException: /Volumes/LUNII/.content/6A3B498D/ni
	at java.base/sun.nio.fs.UnixException.translateToIOException(UnixException.java:92)
	at java.base/sun.nio.fs.UnixException.rethrowAsIOException(UnixException.java:111)
	at java.base/sun.nio.fs.UnixException.rethrowAsIOException(UnixException.java:116)
	at java.base/sun.nio.fs.UnixFileSystemProvider.newByteChannel(UnixFileSystemProvider.java:219)
	at java.base/java.nio.file.Files.newByteChannel(Files.java:375)
	at java.base/java.nio.file.Files.newByteChannel(Files.java:426)
	at java.base/java.nio.file.spi.FileSystemProvider.newInputStream(FileSystemProvider.java:420)
	at java.base/java.nio.file.Files.newInputStream(Files.java:160)
	at studio.driver.fs.FsStoryTellerAsyncDriver.lambda$getPacksList$5(FsStoryTellerAsyncDriver.java:235)
	... 9 more
2025-03-02 21:28:42,981 [ERROR] [studio.webui.MainVerticle] [MainVerticle.java:95]: Exception thrown
java.util.concurrent.CompletionException: studio.core.v1.utils.exception.StoryTellerException: Failed to read pack metadata on device partition
	at java.base/java.util.concurrent.CompletableFuture.encodeThrowable(CompletableFuture.java:314)
	at java.base/java.util.concurrent.CompletableFuture.completeThrowable(CompletableFuture.java:319)
	at java.base/java.util.concurrent.CompletableFuture$UniApply.tryFire(CompletableFuture.java:645)
	at java.base/java.util.concurrent.CompletableFuture.postComplete(CompletableFuture.java:506)
	at java.base/java.util.concurrent.CompletableFuture$AsyncSupply.run(CompletableFuture.java:1769)
	at java.base/java.util.concurrent.CompletableFuture$AsyncSupply.exec(CompletableFuture.java:1756)
	at java.base/java.util.concurrent.ForkJoinTask.doExec(ForkJoinTask.java:290)
	at java.base/java.util.concurrent.ForkJoinPool$WorkQueue.topLevelExec(ForkJoinPool.java:1016)
	at java.base/java.util.concurrent.ForkJoinPool.scan(ForkJoinPool.java:1665)
	at java.base/java.util.concurrent.ForkJoinPool.runWorker(ForkJoinPool.java:1598)
	at java.base/java.util.concurrent.ForkJoinWorkerThread.run(ForkJoinWorkerThread.java:183)
Caused by: studio.core.v1.utils.exception.StoryTellerException: Failed to read pack metadata on device partition
	at studio.driver.fs.FsStoryTellerAsyncDriver.lambda$getPacksList$5(FsStoryTellerAsyncDriver.java:250)
	at java.base/java.util.concurrent.CompletableFuture$UniApply.tryFire(CompletableFuture.java:642)
	... 8 more
Caused by: java.nio.file.NoSuchFileException: /Volumes/LUNII/.content/6A3B498D/ni
	at java.base/sun.nio.fs.UnixException.translateToIOException(UnixException.java:92)
	at java.base/sun.nio.fs.UnixException.rethrowAsIOException(UnixException.java:111)
	at java.base/sun.nio.fs.UnixException.rethrowAsIOException(UnixException.java:116)
	at java.base/sun.nio.fs.UnixFileSystemProvider.newByteChannel(UnixFileSystemProvider.java:219)
	at java.base/java.nio.file.Files.newByteChannel(Files.java:375)
	at java.base/java.nio.file.Files.newByteChannel(Files.java:426)
	at java.base/java.nio.file.spi.FileSystemProvider.newInputStream(FileSystemProvider.java:420)
	at java.base/java.nio.file.Files.newInputStream(Files.java:160)
	at studio.driver.fs.FsStoryTellerAsyncDriver.lambda$getPacksList$5(FsStoryTellerAsyncDriver.java:235)
	... 9 more
2025-03-02 21:29:29,895 [INFO ] [studio.driver.LibUsbDetectionHelper] [LibUsbDetectionHelper.java:110]: Stopping async event handling worker thread
2025-03-02 21:29:29,895 [INFO ] [studio.driver.LibUsbDetectionHelper] [LibUsbDetectionHelper.java:110]: Stopping async event handling worker thread
